

Version:	3.12
CmdLine:	X:\University\Semester 2\Advanced Programming Workshop\Projects\Shop_Program\HAT_Shop_Program.exe --l4j-debug
WOW64:		yes
Working dir:	X:\University\Semester 2\Advanced Programming Workshop\Projects\Shop_Program\.
Java min ver:	1.008.000
Java max ver:	1.009.000
64-bit search:	SOFTWARE\JavaSoft\Java Runtime Environment...
Check:		SOFTWARE\JavaSoft\Java Runtime Environment\1.8
Check launcher:	C:\Program Files\Java\jre1.8.0_144\bin\javaw.exe (OK)
Match:		1.008.000
Check:		SOFTWARE\JavaSoft\Java Runtime Environment\1.8.0_144
Check launcher:	C:\Program Files\Java\jre1.8.0_144\bin\javaw.exe (OK)
Match:		1.008.000_144
Check:		SOFTWARE\JavaSoft\Java Runtime Environment\1.8.0_66
Ignore:		1.008.000_066
64-bit search:	SOFTWARE\JavaSoft\Java Development Kit...
Check:		SOFTWARE\JavaSoft\Java Development Kit\1.8
Ignore:		1.008.000
Check:		SOFTWARE\JavaSoft\Java Development Kit\1.8.0_66
Ignore:		1.008.000_066
64-bit search:	SOFTWARE\JavaSoft\JRE...
64-bit search:	SOFTWARE\JavaSoft\JDK...
Check:		SOFTWARE\JavaSoft\JDK\15
Ignore:		1.015.000
Check:		SOFTWARE\JavaSoft\JDK\15.0.1
Ignore:		1.015.000_001
Runtime used:	1.008.000_144 (64-bit)
Heap -Xms:	Requested 2048 MB / 50%, Available: 8655 MB, Heap size: 4327 MB
Heap -Xmx:	Requested 4096 MB / 80%, Available: 8655 MB, Heap size: 6924 MB
Launcher:	C:\Program Files\Java\jre1.8.0_144\bin\javaw.exe
Launcher args:	-Xms4327m -Xmx6924m -jar "X:\University\Semester 2\Advanced Programming Workshop\Projects\Shop_Program\HAT_Shop_Program.exe"
Args length:	124/32768 chars
Exit code:	0


Version:	3.12
CmdLine:	X:\University\Semester 2\Advanced Programming Workshop\Projects\Shop_Program\HAT_Shop_Program.exe --l4j-debug
WOW64:		yes
Working dir:	X:\University\Semester 2\Advanced Programming Workshop\Projects\Shop_Program\.
Java min ver:	1.008.000
Java max ver:	1.009.000
64-bit search:	SOFTWARE\JavaSoft\Java Runtime Environment...
Check:		SOFTWARE\JavaSoft\Java Runtime Environment\1.8
Check launcher:	C:\Program Files\Java\jre1.8.0_144\bin\javaw.exe (OK)
Match:		1.008.000
Check:		SOFTWARE\JavaSoft\Java Runtime Environment\1.8.0_144
Check launcher:	C:\Program Files\Java\jre1.8.0_144\bin\javaw.exe (OK)
Match:		1.008.000_144
Check:		SOFTWARE\JavaSoft\Java Runtime Environment\1.8.0_66
Ignore:		1.008.000_066
64-bit search:	SOFTWARE\JavaSoft\Java Development Kit...
Check:		SOFTWARE\JavaSoft\Java Development Kit\1.8
Ignore:		1.008.000
Check:		SOFTWARE\JavaSoft\Java Development Kit\1.8.0_66
Ignore:		1.008.000_066
64-bit search:	SOFTWARE\JavaSoft\JRE...
64-bit search:	SOFTWARE\JavaSoft\JDK...
Check:		SOFTWARE\JavaSoft\JDK\15
Ignore:		1.015.000
Check:		SOFTWARE\JavaSoft\JDK\15.0.1
Ignore:		1.015.000_001
Runtime used:	1.008.000_144 (64-bit)
Heap -Xms:	Requested 2048 MB / 50%, Available: 8124 MB, Heap size: 4062 MB
Heap -Xmx:	Requested 4096 MB / 80%, Available: 8124 MB, Heap size: 6499 MB
Launcher:	C:\Program Files\Java\jre1.8.0_144\bin\javaw.exe
Launcher args:	-Xms4062m -Xmx6499m -jar "X:\University\Semester 2\Advanced Programming Workshop\Projects\Shop_Program\HAT_Shop_Program.exe"
Args length:	124/32768 chars
Exit code:	0
